  Game.cpp
  Main.cpp
  EventManager.cpp
C:\Users\Hotdog\Desktop\GAME1017_A2_ProctorAshley\Project\EventManager.cpp(19,12): warning C4101: 'event': unreferenced local variable
  PlayButton.cpp
  Player.cpp
  States.cpp
  StateManager.cpp
  Sprites.cpp
  UI_Button.cpp
  Generating Code...
  Project.vcxproj -> C:\Users\Hotdog\Desktop\GAME1017_A2_ProctorAshley\x64\Debug\Project.exe
          1 file(s) copied.
          1 file(s) copied.
          1 file(s) copied.
          1 file(s) copied.
          1 file(s) copied.
          1 file(s) copied.
          1 file(s) copied.
          1 file(s) copied.
  C:\Users\Hotdog\Desktop\GAME1017_A2_ProctorAshley\Project\Assets\Audio\die.wav
  C:\Users\Hotdog\Desktop\GAME1017_A2_ProctorAshley\Project\Assets\Audio\enemy.wav
  C:\Users\Hotdog\Desktop\GAME1017_A2_ProctorAshley\Project\Assets\Audio\explode.wav
  C:\Users\Hotdog\Desktop\GAME1017_A2_ProctorAshley\Project\Assets\Audio\game.mp3
  C:\Users\Hotdog\Desktop\GAME1017_A2_ProctorAshley\Project\Assets\Audio\Jump.wav
  C:\Users\Hotdog\Desktop\GAME1017_A2_ProctorAshley\Project\Assets\Audio\laser.wav
  C:\Users\Hotdog\Desktop\GAME1017_A2_ProctorAshley\Project\Assets\Images\Background.png
  C:\Users\Hotdog\Desktop\GAME1017_A2_ProctorAshley\Project\Assets\Images\BG1.png
  C:\Users\Hotdog\Desktop\GAME1017_A2_ProctorAshley\Project\Assets\Images\BG2.png
  C:\Users\Hotdog\Desktop\GAME1017_A2_ProctorAshley\Project\Assets\Images\BG3.png
  C:\Users\Hotdog\Desktop\GAME1017_A2_ProctorAshley\Project\Assets\Images\BG4.png
  C:\Users\Hotdog\Desktop\GAME1017_A2_ProctorAshley\Project\Assets\Images\BG5.png
  C:\Users\Hotdog\Desktop\GAME1017_A2_ProctorAshley\Project\Assets\Images\BG6.png
  C:\Users\Hotdog\Desktop\GAME1017_A2_ProctorAshley\Project\Assets\Images\Lose.jpg
  C:\Users\Hotdog\Desktop\GAME1017_A2_ProctorAshley\Project\Assets\Images\MMButton.png
  C:\Users\Hotdog\Desktop\GAME1017_A2_ProctorAshley\Project\Assets\Images\Pause.jpg
  C:\Users\Hotdog\Desktop\GAME1017_A2_ProctorAshley\Project\Assets\Images\PButton.png
  C:\Users\Hotdog\Desktop\GAME1017_A2_ProctorAshley\Project\Assets\Images\playButton.png
  C:\Users\Hotdog\Desktop\GAME1017_A2_ProctorAshley\Project\Assets\Images\space.jpg
  C:\Users\Hotdog\Desktop\GAME1017_A2_ProctorAshley\Project\Assets\Images\sprites.png
  C:\Users\Hotdog\Desktop\GAME1017_A2_ProctorAshley\Project\Assets\Images\Win.jpg
  21 File(s) copied
